0 info it worked if it ends with ok
1 verbose cli [ 'C:\\Program Files\\nodejs\\node.exe',
1 verbose cli   'C:\\Program Files\\nodejs\\node_modules\\npm\\bin\\npm-cli.js',
1 verbose cli   'run',
1 verbose cli   'serve' ]
2 info using npm@3.10.10
3 info using node@v6.11.0
4 verbose run-script [ 'preserve', 'serve', 'postserve' ]
5 info lifecycle random-quote@1.1.0~preserve: random-quote@1.1.0
6 silly lifecycle random-quote@1.1.0~preserve: no script for preserve, continuing
7 info lifecycle random-quote@1.1.0~serve: random-quote@1.1.0
8 verbose lifecycle random-quote@1.1.0~serve: unsafe-perm in lifecycle true
9 verbose lifecycle random-quote@1.1.0~serve: PATH: C:\Program Files\nodejs\node_modules\npm\bin\node-gyp-bin;C:\AngularTut\Part9\node_modules\.bin;C:\Program Files\Java\jdk1.8.0_101\bin;C:\windows\system32;C:\windows;C:\windows\System32\Wbem;C:\windows\System32\WindowsPowerShell\v1.0\;C:\Program Files (x86)\ATI Technologies\ATI.ACE\Core-Static;C:\Users\srakoczy\.dnx\bin;C:\Program Files\Microsoft DNX\Dnvm\;C:\Program Files\Microsoft SQL Server\120\Tools\Binn\;C:\Program Files\Microsoft SQL Server\130\Tools\Binn\;C:\Program Files\Git\cmd;E:\CM2KTestTools\amqp plugin\apache-ant-1.9.7\bin;C:\Program Files (x86)\WinSCP\;C:\Program Files (x86)\Skype\Phone\;C:\Program Files\nodejs\;C:\Users\srakoczy\AppData\Roaming\npm;C:\Program Files (x86)\Microsoft VS Code\bin
10 verbose lifecycle random-quote@1.1.0~serve: CWD: C:\AngularTut\Part9
11 silly lifecycle random-quote@1.1.0~serve: Args: [ '/d /s /c', 'concurrently "babel -w src -d app" lite-server' ]
12 silly lifecycle random-quote@1.1.0~serve: Returned: code: 3221225786  signal: null
13 info lifecycle random-quote@1.1.0~serve: Failed to exec serve script
14 verbose stack Error: random-quote@1.1.0 serve: `concurrently "babel -w src -d app" lite-server`
14 verbose stack Exit status 3221225786
14 verbose stack     at EventEmitter.<anonymous> (C:\Program Files\nodejs\node_modules\npm\lib\utils\lifecycle.js:255:16)
14 verbose stack     at emitTwo (events.js:106:13)
14 verbose stack     at EventEmitter.emit (events.js:191:7)
14 verbose stack     at ChildProcess.<anonymous> (C:\Program Files\nodejs\node_modules\npm\lib\utils\spawn.js:40:14)
14 verbose stack     at emitTwo (events.js:106:13)
14 verbose stack     at ChildProcess.emit (events.js:191:7)
14 verbose stack     at maybeClose (internal/child_process.js:891:16)
14 verbose stack     at Process.ChildProcess._handle.onexit (internal/child_process.js:226:5)
15 verbose pkgid random-quote@1.1.0
16 verbose cwd C:\AngularTut\Part9
17 error Windows_NT 10.0.10586
18 error argv "C:\\Program Files\\nodejs\\node.exe" "C:\\Program Files\\nodejs\\node_modules\\npm\\bin\\npm-cli.js" "run" "serve"
19 error node v6.11.0
20 error npm  v3.10.10
21 error code ELIFECYCLE
22 error random-quote@1.1.0 serve: `concurrently "babel -w src -d app" lite-server`
22 error Exit status 3221225786
23 error Failed at the random-quote@1.1.0 serve script 'concurrently "babel -w src -d app" lite-server'.
23 error Make sure you have the latest version of node.js and npm installed.
23 error If you do, this is most likely a problem with the random-quote package,
23 error not with npm itself.
23 error Tell the author that this fails on your system:
23 error     concurrently "babel -w src -d app" lite-server
23 error You can get information on how to open an issue for this project with:
23 error     npm bugs random-quote
23 error Or if that isn't available, you can get their info via:
23 error     npm owner ls random-quote
23 error There is likely additional logging output above.
24 verbose exit [ 1, true ]
